[demo4.sxzywl.net/index.html]
[backblue.gif]
[fade.gif]
[index.html]
[demo4.sxzywl.net/themes/haixin/public/assets/js/swiper-3.4.2.min.js]
[demo4.sxzywl.net/themes/haixin/public/assets/js/jquery-3.1.1.min.js]
[demo4.sxzywl.net/themes/haixin/public/assets/js/head.js]
[demo4.sxzywl.net/themes/haixin/public/assets/images/index_02522.png]
[demo4.sxzywl.net/portal/list/about/id/258ab9.html]
[demo4.sxzywl.net/portal/list/about/id/386d34.html]
[demo4.sxzywl.net/portal/list/video/id/24dbe7.html]
[demo4.sxzywl.net/portal/list/succ/id/23b769.html]
[demo4.sxzywl.net/index2a9b.html]
[demo4.sxzywl.net/portal/list/course/id/26cd6a.html]
[demo4.sxzywl.net/portal/list/company/id/277eea.html]
[demo4.sxzywl.net/portal/list/article_list/id/6be0d.html]
[demo4.sxzywl.net/portal/list/article_list/id/42be0d.html]
[demo4.sxzywl.net/portal/list/article_villa/id/6be0d.html]
[demo4.sxzywl.net/portal/list/article_hotel/id/4be0d.html]
[demo4.sxzywl.net/portal/list/article_hospital/id/6be0d.html]
[demo4.sxzywl.net/portal/list/article_building/id/6be0d.html]
[demo4.sxzywl.net/portal/list/article_school/id/6be0d.html]
[demo4.sxzywl.net/portal/list/center/id/1e379.html]
[demo4.sxzywl.net/portal/list/invite/id/16a5b3.html]
[demo4.sxzywl.net/portal/list/touch/id/2bfa7.html]
[demo4.sxzywl.net/upload/admin/20180808/5d0f58682f045af1a2c9a19238dcfa25.jpg]
[demo4.sxzywl.net/upload/admin/20180704/f8e6ce47a79cf799d6f415cc7bfa0f70.png]
[demo4.sxzywl.net/portal/list/article_list.html]
[demo4.sxzywl.net/upload/admin/20180704/25ac6a9b95fd85c31e2f5cd7763df326.png]
[demo4.sxzywl.net/upload/admin/20180704/9c62e24c887ad5ac405d315b1ede3fdb.jpg]
[demo4.sxzywl.net/public/images/index-111.1e.delayed]
[demo4.sxzywl.net/images/focusArrow.1f.delayed]
[demo4.sxzywl.net/themes/haixin/public/assets/images/index-111.png]
[demo4.sxzywl.net/themes/haixin/public/assets/images/index_49.png]
[demo4.sxzywl.net/upload/admin/20180704/0b6558405dd8e3b110af30eecd43e9bc.png]
[demo4.sxzywl.net/upload/admin/20180704/e20ec018faceaf85772b2eca2ab4b1bf.png]
[demo4.sxzywl.net/upload/admin/20180704/8a9c60c777641bb6a6744b13df8930e5.png]
[demo4.sxzywl.net/themes/haixin/public/assets/images/zhuzhai.png]
[demo4.sxzywl.net/themes/haixin/public/assets/images/jiudian.png]
[demo4.sxzywl.net/portal/list/article_hotel.html]
[demo4.sxzywl.net/themes/haixin/public/assets/images/bieshu.png]
[demo4.sxzywl.net/portal/list/article_villa.html]
[demo4.sxzywl.net/themes/haixin/public/assets/images/louyu.png]
[demo4.sxzywl.net/portal/list/article_building.html]
[demo4.sxzywl.net/themes/haixin/public/assets/images/yiyuan.png]
[demo4.sxzywl.net/portal/list/article_hospital.html]
[demo4.sxzywl.net/themes/haixin/public/assets/images/xuexiao.png]
[demo4.sxzywl.net/portal/list/article_school.html]
[demo4.sxzywl.net/upload/admin/20180716/e26e7ebea0ffc0c61004886337a1f64e.jpg]
[demo4.sxzywl.net/upload/admin/20180704/d381063a1ba8252b224fd49a717dff2b.png]
[demo4.sxzywl.net/themes/haixin/public/assets/images/index_65.png]
[demo4.sxzywl.net/themes/haixin/public/assets/images/index_67.png]
[demo4.sxzywl.net/themes/haixin/public/assets/images/index_69.png]
[demo4.sxzywl.net/themes/haixin/public/assets/images/index_71.png]
[demo4.sxzywl.net/themes/haixin/public/assets/images/index_73.png]
[demo4.sxzywl.net/upload/portal/20180717/5248953c55d07539d34d37d9a190184b.jpg]
[demo4.sxzywl.net/portal/list/company.html]
[demo4.sxzywl.net/upload/portal/20180712/015091aceee9bee9115b93ae5ea9e748.jpg]
[demo4.sxzywl.net/themes/haixin/public/assets/images/join_03.png]
[demo4.sxzywl.net/themes/haixin/public/assets/images/img(1).png]
[demo4.sxzywl.net/themes/haixin/public/assets/images/img(2).png]
[demo4.sxzywl.net/themes/haixin/public/assets/images/img(3).png]
[demo4.sxzywl.net/themes/haixin/public/assets/images/img(4).png]
[demo4.sxzywl.net/themes/haixin/public/assets/images/img(5).png]
[demo4.sxzywl.net/themes/haixin/public/assets/images/img(6).png]
[demo4.sxzywl.net/portal/list/succ.html]
[demo4.sxzywl.net/themes/haixin/public/assets/images/code.jpg]
[demo4.sxzywl.net/www.zoyuan.46.delayed]
[demo4.sxzywl.net/themes/haixin/public/assets/images/sild1.png]
[demo4.sxzywl.net/themes/haixin/public/assets/images/sild4.png]
[demo4.sxzywl.net/themes/haixin/public/assets/images/sild3.png]
[demo4.sxzywl.net/themes/haixin/public/assets/js/jquery-1.9.1.min.js]
[demo4.sxzywl.net/themes/haixin/public/assets/js/jquery.SuperSlide.2.1.1.js]
[demo4.sxzywl.net/header.4c.delayed]
[demo4.sxzywl.net/foot.4d.delayed]
[demo4.sxzywl.net/index.html]
[demo4.sxzywl.net/themes/haixin/public/assets/images/index_06.png]
[demo4.sxzywl.net/themes/haixin/public/assets/images/index_1_03.png]
[demo4.sxzywl.net/themes/haixin/public/assets/images/video_09.png]
[demo4.sxzywl.net/themes/haixin/public/assets/images/video_07.png]
[demo4.sxzywl.net/themes/haixin/public/assets/css/index.css]
[demo4.sxzywl.net/themes/haixin/public/assets/fonts/glyphicons-halflings-regular.53.delayed]
[demo4.sxzywl.net/themes/haixin/public/assets/fonts/glyphicons-halflings-regular.54d41d.delayed]
[demo4.sxzywl.net/themes/haixin/public/assets/fonts/glyphicons-halflings-regular.55.delayed]
[demo4.sxzywl.net/themes/haixin/public/assets/fonts/glyphicons-halflings-regular.56.delayed]
[demo4.sxzywl.net/themes/haixin/public/assets/fonts/glyphicons-halflings-regular.57.delayed]
[demo4.sxzywl.net/themes/haixin/public/assets/fonts/glyphicons-halflings-regular.58.delayed]
[demo4.sxzywl.net/themes/haixin/public/assets/css/bootstrap.min.css]
[demo4.sxzywl.net/themes/haixin/public/assets/css/swiper-3.4.2.min.css]
[demo4.sxzywl.net/themes/haixin/public/assets/css/head.css]
[demo4.sxzywl.net/themes/haixin/public/assets/css/animate.min.css]
[demo4.sxzywl.net/index2a9b.html]
[demo4.sxzywl.net/themes/haixin/public/assets/images/about_02.png]
[demo4.sxzywl.net/themes/haixin/public/assets/images/about11.png]
[demo4.sxzywl.net/portal/list/about/id/www.zoyuan.5c.delayed]
[demo4.sxzywl.net/portal/list/about/id/258ab9.html]
[demo4.sxzywl.net/portal/list/about/id/386d34.html]
[demo4.sxzywl.net/themes/haixin/public/assets/images/index_14.png]
[demo4.sxzywl.net/themes/haixin/public/assets/images/index_17.png]
[demo4.sxzywl.net/portal/list/video/id/www.zoyuan.5f.delayed]
[demo4.sxzywl.net/themes/haixin/public/assets/js/jquery-1.11.0.js]
[demo4.sxzywl.net/themes/haixin/public/assets/js/bootstrap.min.js]
[demo4.sxzywl.net/portal/list/video/id/24dbe7.html]
[demo4.sxzywl.net/upload/portal/20180717/c450cf9ea95c5ea47a0bdc8509abfeb1.jpg]
[demo4.sxzywl.net/portal/list/succ2ddb.html]
[demo4.sxzywl.net/portal/list/succ/id/www.zoyuan.64.delayed]
[demo4.sxzywl.net/portal/list/succ/id/23b769.html]
[demo4.sxzywl.net/themes/haixin/public/assets/images/about2-08.png]
[demo4.sxzywl.net/portal/list/course/id/www.zoyuan.66.delayed]
[demo4.sxzywl.net/portal/list/course/id/26cd6a.html]
[demo4.sxzywl.net/portal/list/company/id/27441a.html]
[demo4.sxzywl.net/upload/portal/20180717/c4d0692d74f26bbbd405151161969b8b.jpg]
[demo4.sxzywl.net/portal/list/company/id/27a213.html]
[demo4.sxzywl.net/upload/portal/20180707/c1109cd9eaed77bf4e3c493359ab8698.png]
[demo4.sxzywl.net/portal/list/company/id/www.zoyuan.6b.delayed]
[demo4.sxzywl.net/portal/list/company/id/277eea.html]
[demo4.sxzywl.net/themes/haixin/public/assets/images/jiejue_03.png]
[demo4.sxzywl.net/upload/portal/20180709/54b02e5b1483dc28ea04ca108b62b2ef.png]
[demo4.sxzywl.net/upload/portal/20180709/f4df86d180036fba151ef5473c5ed922.png]
[demo4.sxzywl.net/upload/portal/20180709/ca84f15a1bdb64aedb767a0a5a982cb3.png]
[demo4.sxzywl.net/upload/portal/20180709/55062b8d0094e077dcbe162d06b88cdc.png]
[demo4.sxzywl.net/portal/list/article_list/id/www.zoyuan.71.delayed]
[demo4.sxzywl.net/portal/list/article_list/id/6be0d.html]
[demo4.sxzywl.net/portal/list/article_list/id/42be0d.html]
[demo4.sxzywl.net/upload/portal/20180709/14e5c6beda58c7f2de95148e1df32d3c.png]
[demo4.sxzywl.net/upload/portal/20180709/d9788247eda5a22a517f736082a2b817.png]
[demo4.sxzywl.net/upload/portal/20180709/4bb0ac23eeb699fecbed92dc44298d98.png]
[demo4.sxzywl.net/upload/portal/20180709/ba84571ec4fb09410d7b20e8e4e6c2f9.png]
[demo4.sxzywl.net/upload/portal/20180709/a9be64109c57219598fd4b50a881a88d.png]
[demo4.sxzywl.net/upload/portal/20180709/c347dffd758fd6f5c3667bfd39036a09.png]
[demo4.sxzywl.net/portal/list/article_villa/id/www.zoyuan.78.delayed]
[demo4.sxzywl.net/portal/list/article_villa/id/6be0d.html]
[demo4.sxzywl.net/portal/list/article_hotel/id/www.zoyuan.79.delayed]
[demo4.sxzywl.net/portal/list/article_hotel/id/4be0d.html]
[demo4.sxzywl.net/portal/list/article_hospital/id/www.zoyuan.7a.delayed]
[demo4.sxzywl.net/portal/list/article_hospital/id/6be0d.html]
[demo4.sxzywl.net/upload/portal/20180709/55dccfdffb7b5499d474242742c3abc4.png]
[demo4.sxzywl.net/portal/list/article_building/id/www.zoyuan.7c.delayed]
[demo4.sxzywl.net/portal/list/article_building/id/6be0d.html]
[demo4.sxzywl.net/portal/list/article_school/id/www.zoyuan.7d.delayed]
[demo4.sxzywl.net/portal/list/article_school/id/6be0d.html]
[demo4.sxzywl.net/portal/list/center/id/1f422.html]
[demo4.sxzywl.net/portal/list/center/id/3d120.html]
[demo4.sxzywl.net/portal/list/center/id/303251.html]
[demo4.sxzywl.net/upload/portal/20180704/2c954290173a63e59045d3d15b27dd20.png]
[demo4.sxzywl.net/upload/portal/20180704/d3761216fb1ee77be3001ced4eacff71.png]
[demo4.sxzywl.net/upload/portal/20180704/475551e97508c03d402cbef962728586.png]
[demo4.sxzywl.net/upload/portal/20180704/a297baa7791addc66f4e6c33751efe24.png]
[demo4.sxzywl.net/upload/portal/20180704/216d8bab2c4f591b0ce01983e90929f6.png]
[demo4.sxzywl.net/upload/portal/20180704/9a4d6074a40f73f3bcb17545032ac851.png]
[demo4.sxzywl.net/upload/portal/20180704/a64ce4623b9095ef504edcf28fa99350.png]
[demo4.sxzywl.net/portal/list/centerb400.html]
[demo4.sxzywl.net/portal/list/center6bb6.html]
[demo4.sxzywl.net/portal/list/center/id/www.zoyuan.8a.delayed]
[demo4.sxzywl.net/portal/list/center/id/1e379.html]
[demo4.sxzywl.net/themes/haixin/public/assets/images/jiameng_03.png]
[demo4.sxzywl.net/portal/list/invite/id/www.zoyuan.8c.delayed]
[demo4.sxzywl.net/portal/list/invite/id/16a5b3.html]
[demo4.sxzywl.net/portal/list/touch/id/www.zoyuan.8d.delayed]
[demo4.sxzywl.net/themes/haixin/public/images/sild1.8e.delayed]
[demo4.sxzywl.net/themes/haixin/public/assets/images/sild2.png]
[demo4.sxzywl.net/themes/haixin/public/assets/js/map.js]
[demo4.sxzywl.net/portal/list/touch/id/2bfa7.html]
[demo4.sxzywl.net/upload/admin/20180704/f8e6ce47a79cf799d6f415cc7bfa0f70.png]
[demo4.sxzywl.net/portal/list/www.zoyuan.91.delayed]
[demo4.sxzywl.net/portal/list/article_list.html]
[demo4.sxzywl.net/public/images/index-111.html]
[demo4.sxzywl.net/images/focusArrow.html]
[demo4.sxzywl.net/upload/admin/20180704/25ac6a9b95fd85c31e2f5cd7763df326.png]
[demo4.sxzywl.net/portal/list/article_hotel.html]
[demo4.sxzywl.net/portal/list/article_villa.html]
[demo4.sxzywl.net/portal/list/article_building.html]
[demo4.sxzywl.net/portal/list/article_hospital.html]
[demo4.sxzywl.net/portal/list/article_school.html]
[demo4.sxzywl.net/portal/list/company.html]
[demo4.sxzywl.net/portal/list/succ.html]
[demo4.sxzywl.net/www.zoyuan.html]
[demo4.sxzywl.net/header.html]
[demo4.sxzywl.net/foot.html]
[demo4.sxzywl.net/themes/haixin/public/assets/css/base.min.css]
[demo4.sxzywl.net/themes/haixin/public/assets/fonts/glyphicons-halflings-regular.html]
[demo4.sxzywl.net/themes/haixin/public/assets/fonts/glyphicons-halflings-regulard41d.html]
[demo4.sxzywl.net/themes/haixin/public/assets/fonts/glyphicons-halflings-regular-2.html]
[demo4.sxzywl.net/themes/haixin/public/assets/fonts/glyphicons-halflings-regular-3.html]
[demo4.sxzywl.net/themes/haixin/public/assets/fonts/glyphicons-halflings-regular-4.html]
[demo4.sxzywl.net/themes/haixin/public/assets/fonts/glyphicons-halflings-regular-5.html]
[demo4.sxzywl.net/themes/haixin/public/assets/css/animate.css]
[demo4.sxzywl.net/themes/haixin/public/assets/images/about_02.png]
[demo4.sxzywl.net/themes/haixin/public/assets/images/about11.png]
[demo4.sxzywl.net/portal/list/about/id/www.zoyuan.html]
[demo4.sxzywl.net/portal/list/video/id/www.zoyuan.html]
[demo4.sxzywl.net/themes/haixin/public/assets/js/jquery-1.11.0.js]
[demo4.sxzywl.net/portal/list/succ2ddb.html]
[demo4.sxzywl.net/portal/list/succ/id/www.zoyuan.html]
[demo4.sxzywl.net/portal/list/course/id/www.zoyuan.html]
[demo4.sxzywl.net/upload/portal/20180717/cc5bb53b0371d46615714de5e2b2f5b4.jpg]
[demo4.sxzywl.net/upload/portal/20180717/ac9ccf027379104e9497fe8dd30f227e.jpg]
[demo4.sxzywl.net/upload/portal/20180717/da3586c895fbb108ca1f188291dcf5bf.jpg]
[demo4.sxzywl.net/upload/portal/20180717/934721dbc49c297411e37d5e41a1b0fb.jpg]
[demo4.sxzywl.net/upload/portal/20180717/15ba949a85ecc5d8bcd89d057f4131a4.jpg]
[demo4.sxzywl.net/upload/portal/20180717/724714367ecdc4b1504b7945b6e698ad.jpg]
[demo4.sxzywl.net/upload/portal/20180717/8ebd3ff15c4bce2d41a037ae6ae7e23a.jpg]
[demo4.sxzywl.net/upload/portal/20180717/0e8a0a07f526518b6e8d3cc6f0487bb9.jpg]
[demo4.sxzywl.net/portal/list/company/id/274a96.html]
[demo4.sxzywl.net/portal/list/company/id/27441a.html]
[demo4.sxzywl.net/upload/portal/20180705/d0399a314b839175fd5bbac22d880f21.png]
[demo4.sxzywl.net/portal/list/company/id/27a213.html]
[demo4.sxzywl.net/portal/list/company/id/www.zoyuan.html]
[demo4.sxzywl.net/upload/portal/20180709/54b02e5b1483dc28ea04ca108b62b2ef.png]
[demo4.sxzywl.net/upload/portal/20180709/f4df86d180036fba151ef5473c5ed922.png]
[demo4.sxzywl.net/upload/portal/20180709/ca84f15a1bdb64aedb767a0a5a982cb3.png]
[demo4.sxzywl.net/portal/list/article_list/id/www.zoyuan.html]
[demo4.sxzywl.net/upload/portal/20180709/d9788247eda5a22a517f736082a2b817.png]
[demo4.sxzywl.net/upload/portal/20180709/4bb0ac23eeb699fecbed92dc44298d98.png]
[demo4.sxzywl.net/upload/portal/20180709/ba84571ec4fb09410d7b20e8e4e6c2f9.png]
[demo4.sxzywl.net/upload/portal/20180709/a9be64109c57219598fd4b50a881a88d.png]
[demo4.sxzywl.net/portal/list/article_villa/id/www.zoyuan.html]
[demo4.sxzywl.net/portal/list/article_hotel/id/www.zoyuan.html]
[demo4.sxzywl.net/portal/list/article_hospital/id/www.zoyuan.html]
[demo4.sxzywl.net/upload/portal/20180709/c347dffd758fd6f5c3667bfd39036a09.png]
[demo4.sxzywl.net/upload/portal/20180709/55dccfdffb7b5499d474242742c3abc4.png]
[demo4.sxzywl.net/portal/list/article_building/id/www.zoyuan.html]
[demo4.sxzywl.net/portal/list/article_school/id/www.zoyuan.html]
[demo4.sxzywl.net/portal/list/center/id/1f422.html]
[demo4.sxzywl.net/upload/portal/20180704/54db610ec60759171c7f0156ab619be0.png]
[demo4.sxzywl.net/portal/list/centerc904.html]
[demo4.sxzywl.net/portal/list/center/id/3d120.html]
[demo4.sxzywl.net/upload/portal/20180704/1390d41928be5c6ad1497e6e87071f6b.png]
[demo4.sxzywl.net/portal/list/center6918.html]
[demo4.sxzywl.net/portal/list/center/id/303251.html]
[demo4.sxzywl.net/portal/list/centerb400.html]
[demo4.sxzywl.net/portal/list/center6bb6.html]
[demo4.sxzywl.net/portal/list/center/id/www.zoyuan.html]
[demo4.sxzywl.net/portal/list/invite/id/www.zoyuan.html]
[demo4.sxzywl.net/portal/list/touch/id/www.zoyuan.html]
[demo4.sxzywl.net/themes/haixin/public/images/sild1.html]
[demo4.sxzywl.net/portal/list/www.zoyuan.html]
[demo4.sxzywl.net/upload/portal/20180717/cc5bb53b0371d46615714de5e2b2f5b4.jpg]
[demo4.sxzywl.net/upload/portal/20180717/ac9ccf027379104e9497fe8dd30f227e.jpg]
[demo4.sxzywl.net/upload/portal/20180717/da3586c895fbb108ca1f188291dcf5bf.jpg]
[demo4.sxzywl.net/upload/portal/20180717/934721dbc49c297411e37d5e41a1b0fb.jpg]
[demo4.sxzywl.net/upload/portal/20180717/15ba949a85ecc5d8bcd89d057f4131a4.jpg]
[demo4.sxzywl.net/upload/portal/20180717/724714367ecdc4b1504b7945b6e698ad.jpg]
[demo4.sxzywl.net/upload/portal/20180717/8ebd3ff15c4bce2d41a037ae6ae7e23a.jpg]
[demo4.sxzywl.net/upload/portal/20180717/a1f0964e0e2e0adde15a9722831876fb.jpg]
[demo4.sxzywl.net/upload/portal/20180712/263586c6bbbd38dd1079e041995226b0.jpg]
[demo4.sxzywl.net/upload/portal/20180712/b360933a0387e2f824e0b71bd8baecda.jpg]
[demo4.sxzywl.net/upload/portal/20180705/b4c8390ea0f644ba1f7e466dd39d5158.png]
[demo4.sxzywl.net/upload/portal/20180705/a05568e38f018e42d1688eb793f2aa5e.png]
[demo4.sxzywl.net/portal/list/company/id/27bc73.html]
[demo4.sxzywl.net/portal/list/company/id/274a96.html]
[demo4.sxzywl.net/portal/list/centerc904.html]
[demo4.sxzywl.net/portal/list/center6918.html]
[www.51hisense.com/upload/admin/20180704/0b6558405dd8e3b110af30eecd43e9bc.png]
[www.51hisense.com/upload/admin/20180704/e20ec018faceaf85772b2eca2ab4b1bf.png]
[www.51hisense.com/upload/admin/20180704/8a9c60c777641bb6a6744b13df8930e5.png]
[demo4.sxzywl.net/upload/portal/20180712/263586c6bbbd38dd1079e041995226b0.jpg]
[demo4.sxzywl.net/portal/list/company/id/27bc73.html]
